<?xml version="1.0" encoding="UTF-8"?>
<!-- Generated by org.testng.reporters.JUnitReportReporter -->
<testsuite skipped="0" hostname="LAPTOP-D34DC2QJ" name="com.busyqa.test.TestCases.TC04_LoginTest" tests="1" failures="0" timestamp="2020-07-18T11:22:45 IST" time="7.389" errors="0">
  <testcase name="loginTest04" time="7.389" classname="com.busyqa.test.TestCases.TC04_LoginTest"/>
  <system-out>
Screen Shot Taken  </system-out>
</testsuite> <!-- com.busyqa.test.TestCases.TC04_LoginTest -->
