<?xml version="1.0" encoding="UTF-8"?>
<!-- Generated by org.testng.reporters.JUnitReportReporter -->
<testsuite skipped="0" hostname="LAPTOP-D34DC2QJ" name="com.busyqa.test.TestCases.TC02_LoginTest" tests="1" failures="0" timestamp="2020-05-15T07:30:05 IST" time="37.995" errors="0">
  <testcase name="loginTest02" time="37.995" classname="com.busyqa.test.TestCases.TC02_LoginTest"/>
  <system-out>
Screen Shot Taken  </system-out>
</testsuite> <!-- com.busyqa.test.TestCases.TC02_LoginTest -->
